<?xml version="1.0" encoding="UTF-8"?>
<!-- Generated by org.testng.reporters.JUnitXMLReporter -->
<testsuite hostname="DESKTOP-LG32M8N" name="Test" tests="2" failures="2" timestamp="12 May 2020 07:09:36 GMT" time="39.379" errors="0">
  <testcase name="ProductPurchaseSuccessFlowTest" time="5.727" classname="com.midtrans.demo.testcases.ProductPurchaseTest">
    <failure type="java.lang.AssertionError" message="expected [19000] but found [18000]">
      <![CDATA[java.lang.AssertionError: expected [19000] but found [18000]
	at com.midtrans.demo.testcases.ProductPurchaseTest.ProductPurchaseSuccessFlowTest(ProductPurchaseTest.java:138)
... Removed 29 stack frames]]>
    </failure>
  </testcase> <!-- ProductPurchaseSuccessFlowTest -->
  <testcase name="ProductPurchaseSuccessFlowTest" time="5.323" classname="com.midtrans.demo.testcases.ProductPurchaseTest">
    <failure type="java.lang.AssertionError" message="expected [19000] but found [18000]">
      <![CDATA[java.lang.AssertionError: expected [19000] but found [18000]
	at com.midtrans.demo.testcases.ProductPurchaseTest.ProductPurchaseSuccessFlowTest(ProductPurchaseTest.java:138)
... Removed 29 stack frames]]>
    </failure>
  </testcase> <!-- ProductPurchaseSuccessFlowTest -->
</testsuite> <!-- Test -->
