<?xml version="1.0" encoding="UTF-8"?>
<!-- Generated by org.testng.reporters.JUnitReportReporter -->
<testsuite hostname="DESKTOP-LG32M8N" name="com.midtrans.demo.testcases.Rough" tests="1" failures="1" timestamp="8 Jul 2020 08:18:35 GMT" time="2.935" errors="0">
  <testcase name="test" time="2.935" classname="com.midtrans.demo.testcases.Rough">
    <failure type="org.openqa.selenium.SessionNotCreatedException" message="session not created: This version of ChromeDriver only supports Chrome version 80
Build info: version: &#039;3.14.0&#039;, revision: &#039;aacccce0&#039;, time: &#039;2018-08-02T20:19:58.91Z&#039;
System info: host: &#039;DESKTOP-LG32M8N&#039;, ip: &#039;192.168.43.81&#039;, os.name: &#039;Windows 10&#039;, os.arch: &#039;amd64&#039;, os.version: &#039;10.0&#039;, java.version: &#039;1.8.0_191&#039;
Driver info: driver.version: ChromeDriver
remote stacktrace: Backtrace:
	Ordinal0 [0x00C60C83+1707139]
	Ordinal0 [0x00BC68F1+1075441]
	Ordinal0 [0x00B3DFC9+516041]
	Ordinal0 [0x00AD0554+66900]
	Ordinal0 [0x00ACCCE2+52450]
	Ordinal0 [0x00AEBFD7+180183]
	Ordinal0 [0x00AEBDDD+179677]
	Ordinal0 [0x00AE9D4B+171339]
	Ordinal0 [0x00AD1D4A+73034]
	Ordinal0 [0x00AD2DC0+77248]
	Ordinal0 [0x00AD2D59+77145]
	Ordinal0 [0x00BDBB67+1162087]
	GetHandleVerifier [0x00CFA966+508998]
	GetHandleVerifier [0x00CFA6A4+508292]
	GetHandleVerifier [0x00D0F7B7+594583]
	GetHandleVerifier [0x00CFB1D6+511158]
	Ordinal0 [0x00BD402C+1130540]
	Ordinal0 [0x00BDD4CB+1168587]
	Ordinal0 [0x00BDD633+1168947]
	Ordinal0 [0x00BF5B35+1268533]
	BaseThreadInitThunk [0x77086359+25]
	RtlGetAppContainerNamedObjectPath [0x773A7C24+228]
	RtlGetAppContainerNamedObjectPath [0x773A7BF4+180]
">
      <![CDATA[org.openqa.selenium.SessionNotCreatedException: session not created: This version of ChromeDriver only supports Chrome version 80
Build info: version: '3.14.0', revision: 'aacccce0', time: '2018-08-02T20:19:58.91Z'
System info: host: 'DESKTOP-LG32M8N', ip: '192.168.43.81', os.name: 'Windows 10', os.arch: 'amd64', os.version: '10.0', java.version: '1.8.0_191'
Driver info: driver.version: ChromeDriver
remote stacktrace: Backtrace:
	Ordinal0 [0x00C60C83+1707139]
	Ordinal0 [0x00BC68F1+1075441]
	Ordinal0 [0x00B3DFC9+516041]
	Ordinal0 [0x00AD0554+66900]
	Ordinal0 [0x00ACCCE2+52450]
	Ordinal0 [0x00AEBFD7+180183]
	Ordinal0 [0x00AEBDDD+179677]
	Ordinal0 [0x00AE9D4B+171339]
	Ordinal0 [0x00AD1D4A+73034]
	Ordinal0 [0x00AD2DC0+77248]
	Ordinal0 [0x00AD2D59+77145]
	Ordinal0 [0x00BDBB67+1162087]
	GetHandleVerifier [0x00CFA966+508998]
	GetHandleVerifier [0x00CFA6A4+508292]
	GetHandleVerifier [0x00D0F7B7+594583]
	GetHandleVerifier [0x00CFB1D6+511158]
	Ordinal0 [0x00BD402C+1130540]
	Ordinal0 [0x00BDD4CB+1168587]
	Ordinal0 [0x00BDD633+1168947]
	Ordinal0 [0x00BF5B35+1268533]
	BaseThreadInitThunk [0x77086359+25]
	RtlGetAppContainerNamedObjectPath [0x773A7C24+228]
	RtlGetAppContainerNamedObjectPath [0x773A7BF4+180]

	at sun.reflect.NativeConstructorAccessorImpl.newInstance0(Native Method)
	at sun.reflect.NativeConstructorAccessorImpl.newInstance(NativeConstructorAccessorImpl.java:62)
	at sun.reflect.DelegatingConstructorAccessorImpl.newInstance(DelegatingConstructorAccessorImpl.java:45)
	at java.lang.reflect.Constructor.newInstance(Constructor.java:423)
	at org.openqa.selenium.remote.W3CHandshakeResponse.lambda$new$0(W3CHandshakeResponse.java:57)
	at org.openqa.selenium.remote.W3CHandshakeResponse.lambda$getResponseFunction$2(W3CHandshakeResponse.java:104)
	at org.openqa.selenium.remote.ProtocolHandshake.lambda$createSession$0(ProtocolHandshake.java:122)
	at java.util.stream.ReferencePipeline$3$1.accept(ReferencePipeline.java:193)
	at java.util.Spliterators$ArraySpliterator.tryAdvance(Spliterators.java:958)
	at java.util.stream.ReferencePipeline.forEachWithCancel(ReferencePipeline.java:126)
	at java.util.stream.AbstractPipeline.copyIntoWithCancel(AbstractPipeline.java:498)
	at java.util.stream.AbstractPipeline.copyInto(AbstractPipeline.java:485)
	at java.util.stream.AbstractPipeline.wrapAndCopyInto(AbstractPipeline.java:471)
	at java.util.stream.FindOps$FindOp.evaluateSequential(FindOps.java:152)
	at java.util.stream.AbstractPipeline.evaluate(AbstractPipeline.java:234)
	at java.util.stream.ReferencePipeline.findFirst(ReferencePipeline.java:464)
	at org.openqa.selenium.remote.ProtocolHandshake.createSession(ProtocolHandshake.java:125)
	at org.openqa.selenium.remote.ProtocolHandshake.createSession(ProtocolHandshake.java:73)
	at org.openqa.selenium.remote.HttpCommandExecutor.execute(HttpCommandExecutor.java:136)
	at org.openqa.selenium.remote.service.DriverCommandExecutor.execute(DriverCommandExecutor.java:83)
	at org.openqa.selenium.remote.RemoteWebDriver.execute(RemoteWebDriver.java:548)
	at org.openqa.selenium.remote.RemoteWebDriver.startSession(RemoteWebDriver.java:212)
	at org.openqa.selenium.remote.RemoteWebDriver.<init>(RemoteWebDriver.java:130)
	at org.openqa.selenium.chrome.ChromeDriver.<init>(ChromeDriver.java:181)
	at org.openqa.selenium.chrome.ChromeDriver.<init>(ChromeDriver.java:168)
	at org.openqa.selenium.chrome.ChromeDriver.<init>(ChromeDriver.java:123)
	at com.midtrans.demo.BaseClass.TestBase.initialisation(TestBase.java:57)
	at com.midtrans.demo.testcases.Rough.test(Rough.java:16)
	at sun.reflect.NativeMethodAccessorImpl.invoke0(Native Method)
	at sun.reflect.NativeMethodAccessorImpl.invoke(NativeMethodAccessorImpl.java:62)
	at sun.reflect.DelegatingMethodAccessorImpl.invoke(DelegatingMethodAccessorImpl.java:43)
	at java.lang.reflect.Method.invoke(Method.java:498)
	at org.testng.internal.MethodInvocationHelper.invokeMethod(MethodInvocationHelper.java:84)
	at org.testng.internal.Invoker.invokeMethod(Invoker.java:714)
	at org.testng.internal.Invoker.invokeTestMethod(Invoker.java:901)
	at org.testng.internal.Invoker.invokeTestMethods(Invoker.java:1231)
	at org.testng.internal.TestMethodWorker.invokeTestMethods(TestMethodWorker.java:127)
	at org.testng.internal.TestMethodWorker.run(TestMethodWorker.java:111)
	at org.testng.TestRunner.privateRun(TestRunner.java:767)
	at org.testng.TestRunner.run(TestRunner.java:617)
	at org.testng.SuiteRunner.runTest(SuiteRunner.java:348)
	at org.testng.SuiteRunner.runSequentially(SuiteRunner.java:343)
	at org.testng.SuiteRunner.privateRun(SuiteRunner.java:305)
	at org.testng.SuiteRunner.run(SuiteRunner.java:254)
	at org.testng.SuiteRunnerWorker.runSuite(SuiteRunnerWorker.java:52)
	at org.testng.SuiteRunnerWorker.run(SuiteRunnerWorker.java:86)
	at org.testng.TestNG.runSuitesSequentially(TestNG.java:1224)
	at org.testng.TestNG.runSuitesLocally(TestNG.java:1149)
	at org.testng.TestNG.run(TestNG.java:1057)
	at org.testng.remote.AbstractRemoteTestNG.run(AbstractRemoteTestNG.java:126)
	at org.testng.remote.RemoteTestNG.initAndRun(RemoteTestNG.java:152)
	at org.testng.remote.RemoteTestNG.main(RemoteTestNG.java:57)
]]>
    </failure>
  </testcase> <!-- test -->
</testsuite> <!-- com.midtrans.demo.testcases.Rough -->
